2018-08-05 00:36:20.9695|6|FATAL|Microsoft.AspNetCore.Hosting.Internal.WebHost|Application startup exception System.ArgumentException: The type 'Infrastructure.SpaceXLaunchpadAdaptor' is not assignable to service 'Application.ILaunchpadService'.
   at Autofac.Builder.RegistrationBuilder.CreateRegistration(Guid id, RegistrationData data, IInstanceActivator activator, IEnumerable`1 services, IComponentRegistration target)
   at Autofac.Builder.RegistrationBuilder.CreateRegistration[TLimit,TActivatorData,TSingleRegistrationStyle](IRegistrationBuilder`3 builder)
   at Autofac.Builder.RegistrationBuilder.RegisterSingleComponent[TLimit,TActivatorData,TSingleRegistrationStyle](IComponentRegistry cr, IRegistrationBuilder`3 builder)
   at Autofac.ContainerBuilder.Build(IComponentRegistry componentRegistry, Boolean excludeDefaultModules)
   at Autofac.Module.Configure(IComponentRegistry componentRegistry)
   at Autofac.ContainerBuilder.Build(IComponentRegistry componentRegistry, Boolean excludeDefaultModules)
   at Autofac.Module.Configure(IComponentRegistry componentRegistry)
   at Autofac.ContainerBuilder.Build(IComponentRegistry componentRegistry, Boolean excludeDefaultModules)
   at Autofac.ContainerBuilder.Build(ContainerBuildOptions options)
   at SpaceXLaunchPadInformation.Startup.ConfigureServices(IServiceCollection services) in C:\Users\FQU7910\Documents\source\repos\SpaceXLaunchPadInformation\Service\Startup.cs:line 36
--- End of stack trace from previous location where exception was thrown ---
   at System.Runtime.ExceptionServices.ExceptionDispatchInfo.Throw()
   at Microsoft.AspNetCore.Hosting.ConventionBasedStartup.ConfigureServices(IServiceCollection services)
   at Microsoft.AspNetCore.Hosting.Internal.WebHost.EnsureApplicationServices()
   at Microsoft.AspNetCore.Hosting.Internal.WebHost.BuildApplication()|url: |action: 
2018-08-05 01:01:45.5424|6|FATAL|Microsoft.AspNetCore.Hosting.Internal.WebHost|Application startup exception System.ArgumentException: The type 'Infrastructure.SpaceXLaunchpadAdaptor' is not assignable to service 'Application.ILaunchpadService'.
   at Autofac.Builder.RegistrationBuilder.CreateRegistration(Guid id, RegistrationData data, IInstanceActivator activator, IEnumerable`1 services, IComponentRegistration target)
   at Autofac.Builder.RegistrationBuilder.CreateRegistration[TLimit,TActivatorData,TSingleRegistrationStyle](IRegistrationBuilder`3 builder)
   at Autofac.Builder.RegistrationBuilder.RegisterSingleComponent[TLimit,TActivatorData,TSingleRegistrationStyle](IComponentRegistry cr, IRegistrationBuilder`3 builder)
   at Autofac.ContainerBuilder.Build(IComponentRegistry componentRegistry, Boolean excludeDefaultModules)
   at Autofac.Module.Configure(IComponentRegistry componentRegistry)
   at Autofac.ContainerBuilder.Build(IComponentRegistry componentRegistry, Boolean excludeDefaultModules)
   at Autofac.Module.Configure(IComponentRegistry componentRegistry)
   at Autofac.ContainerBuilder.Build(IComponentRegistry componentRegistry, Boolean excludeDefaultModules)
   at Autofac.ContainerBuilder.Build(ContainerBuildOptions options)
   at SpaceXLaunchPadInformation.Startup.ConfigureServices(IServiceCollection services) in C:\Users\FQU7910\Documents\source\repos\SpaceXLaunchPadInformation\Service\Startup.cs:line 36
--- End of stack trace from previous location where exception was thrown ---
   at System.Runtime.ExceptionServices.ExceptionDispatchInfo.Throw()
   at Microsoft.AspNetCore.Hosting.ConventionBasedStartup.ConfigureServices(IServiceCollection services)
   at Microsoft.AspNetCore.Hosting.Internal.WebHost.EnsureApplicationServices()
   at Microsoft.AspNetCore.Hosting.Internal.WebHost.BuildApplication()|url: |action: 
2018-08-05 01:01:46.0264|13|ERROR|Microsoft.AspNetCore.Server.Kestrel|Connection id "0HLFQJ3ME0AV8", Request id "0HLFQJ3ME0AV8:00000001": An unhandled exception was thrown by the application. System.ObjectDisposedException: Cannot access a disposed object.
Object name: 'FrameResponseStream'.
   at Microsoft.AspNetCore.Server.Kestrel.Core.Internal.Http.FrameResponseStream.ValidateState(CancellationToken cancellationToken)
   at Microsoft.AspNetCore.Server.Kestrel.Core.Internal.Http.FrameResponseStream.WriteAsync(Byte[] buffer, Int32 offset, Int32 count, CancellationToken cancellationToken)
   at Microsoft.AspNetCore.Server.Kestrel.Core.Internal.Http.FrameResponseStream.Write(Byte[] buffer, Int32 offset, Int32 count)
   at System.IO.StreamWriter.Flush(Boolean flushStream, Boolean flushEncoder)
   at System.IO.StreamWriter.Write(String value)
   at Microsoft.AspNetCore.Hosting.Views.ErrorPage.<ExecuteAsync>d__6.MoveNext()
--- End of stack trace from previous location where exception was thrown ---
   at System.Runtime.ExceptionServices.ExceptionDispatchInfo.Throw()
   at System.Runtime.CompilerServices.TaskAwaiter.HandleNonSuccessAndDebuggerNotification(Task task)
   at Microsoft.Extensions.RazorViews.BaseView.<ExecuteAsync>d__29.MoveNext()
--- End of stack trace from previous location where exception was thrown ---
   at System.Runtime.ExceptionServices.ExceptionDispatchInfo.Throw()
   at System.Runtime.CompilerServices.TaskAwaiter.HandleNonSuccessAndDebuggerNotification(Task task)
   at Microsoft.AspNetCore.Server.Kestrel.Core.Internal.Http.Frame`1.<ProcessRequestsAsync>d__2.MoveNext()|url: http://localhost/swagger/index.html|action: 
